<?xml version="1.0" encoding="UTF-8"?>
<!-- Generated by org.testng.reporters.JUnitXMLReporter -->
<testsuite ignored="0" hostname="LAPTOP-8GI9HJL3" failures="0" tests="3" name="Pixel3" time="70.097" errors="0" timestamp="2021-01-01T21:16:49 CET">
  <testcase classname="com.qa.runners.RunnerBase" name="scenario" time="8.693"/>
  <testcase classname="com.qa.runners.RunnerBase" name="scenario" time="7.087"/>
  <testcase classname="com.qa.runners.RunnerBase" name="scenario" time="9.068"/>
</testsuite> <!-- Pixel3 -->
