<?xml version="1.0" encoding="UTF-8"?>
<testng-results ignored="0" total="3" passed="3" failed="0" skipped="0">
  <reporter-output>
  </reporter-output>
  <suite started-at="2021-01-01T21:15:39 CET" name="Suite" finished-at="2021-01-01T21:16:49 CET" duration-ms="70097">
    <groups>
      <group name="cucumber">
        <method signature="RunnerBase.scenario(io.cucumber.testng.PickleWrapper, io.cucumber.testng.FeatureWrapper)[pri:0, instance:com.qa.runners.MyPixel3TestNGRunnerTest@60dcc9fe]" name="scenario" class="com.qa.runners.RunnerBase"/>
      </group> <!-- cucumber -->
    </groups>
    <test started-at="2021-01-01T21:15:39 CET" name="Pixel3" finished-at="2021-01-01T21:16:49 CET" duration-ms="70097">
      <class name="com.qa.runners.MyPixel3TestNGRunnerTest">
        <test-method is-config="true" signature="setUpClass(java.lang.String, java.lang.String, java.lang.String, java.lang.String, java.lang.String, java.lang.String, java.lang.String)[pri:0, instance:com.qa.runners.MyPixel3TestNGRunnerTest@60dcc9fe]" started-at="2021-01-01T21:15:39 CET" name="setUpClass" finished-at="2021-01-01T21:16:19 CET" duration-ms="40064" status="PASS">
          <params>
            <param index="0">
              <value>
                <![CDATA[Android]]>
              </value>
            </param>
            <param index="1">
              <value>
                <![CDATA[emulator-5554]]>
              </value>
            </param>
            <param index="2">
              <value>
                <![CDATA[pixel_3]]>
              </value>
            </param>
            <param index="3">
              <value>
                <![CDATA[10000]]>
              </value>
            </param>
            <param index="4">
              <value>
                <![CDATA[11000]]>
              </value>
            </param>
            <param index="5">
              <value>
                <![CDATA[iOS]]>
              </value>
            </param>
            <param index="6">
              <value>
                <![CDATA[iOS]]>
              </value>
            </param>
          </params>
          <reporter-output>
          </reporter-output>
        </test-method> <!-- setUpClass -->
        <test-method signature="scenario(io.cucumber.testng.PickleWrapper, io.cucumber.testng.FeatureWrapper)[pri:0, instance:com.qa.runners.MyPixel3TestNGRunnerTest@60dcc9fe]" started-at="2021-01-01T21:16:19 CET" name="scenario" description="Runs Cucumber Scenarios" data-provider="scenarios" finished-at="2021-01-01T21:16:28 CET" duration-ms="8693" status="PASS">
          <params>
            <param index="0">
              <value>
                <![CDATA["Login with invalid user name"]]>
              </value>
            </param>
            <param index="1">
              <value>
                <![CDATA["Optional[Login scenarios]"]]>
              </value>
            </param>
          </params>
          <reporter-output>
          </reporter-output>
        </test-method> <!-- scenario -->
        <test-method signature="scenario(io.cucumber.testng.PickleWrapper, io.cucumber.testng.FeatureWrapper)[pri:0, instance:com.qa.runners.MyPixel3TestNGRunnerTest@60dcc9fe]" started-at="2021-01-01T21:16:28 CET" name="scenario" description="Runs Cucumber Scenarios" data-provider="scenarios" finished-at="2021-01-01T21:16:35 CET" duration-ms="7087" status="PASS">
          <params>
            <param index="0">
              <value>
                <![CDATA["Login with invalid password"]]>
              </value>
            </param>
            <param index="1">
              <value>
                <![CDATA["Optional[Login scenarios]"]]>
              </value>
            </param>
          </params>
          <reporter-output>
          </reporter-output>
        </test-method> <!-- scenario -->
        <test-method signature="scenario(io.cucumber.testng.PickleWrapper, io.cucumber.testng.FeatureWrapper)[pri:0, instance:com.qa.runners.MyPixel3TestNGRunnerTest@60dcc9fe]" started-at="2021-01-01T21:16:35 CET" name="scenario" description="Runs Cucumber Scenarios" data-provider="scenarios" finished-at="2021-01-01T21:16:44 CET" duration-ms="9068" status="PASS">
          <params>
            <param index="0">
              <value>
                <![CDATA["Login with valid user name and password"]]>
              </value>
            </param>
            <param index="1">
              <value>
                <![CDATA["Optional[Login scenarios]"]]>
              </value>
            </param>
          </params>
          <reporter-output>
          </reporter-output>
        </test-method> <!-- scenario -->
        <test-method is-config="true" signature="tearDownClass()[pri:0, instance:com.qa.runners.MyPixel3TestNGRunnerTest@60dcc9fe]" started-at="2021-01-01T21:16:44 CET" name="tearDownClass" finished-at="2021-01-01T21:16:49 CET" duration-ms="5092" status="PASS">
          <reporter-output>
          </reporter-output>
        </test-method> <!-- tearDownClass -->
      </class> <!-- com.qa.runners.MyPixel3TestNGRunnerTest -->
    </test> <!-- Pixel3 -->
  </suite> <!-- Suite -->
</testng-results>
